Using pre-set license
Built from '2022.3/staging' branch; Version is '2022.3.21f1 (bf09ca542b87) revision 12519882'; Using compiler version '192829333'; Build Type 'Release'
OS: 'Windows 10  (10.0.19045) 64bit Professional' Language: 'en' Physical Memory: 16275 MB
BatchMode: 1, IsHumanControllingUs: 0, StartBugReporterOnCrash: 0, Is64bit: 1, IsPro: 1

COMMAND LINE ARGUMENTS:
D:\Unity\Hub\Editor\2022.3.21f1\Editor\Unity.exe
-adb2
-batchMode
-noUpm
-name
AssetImportWorker0
-projectPath
D:/Kuliah/S1_Informatika/Semester 4/Rancang Bangun Game/Projek/Geeta The Violin and The Doll's Symphony
-logFile
Logs/AssetImportWorker0.log
-srvPort
49291
Successfully changed project path to: D:/Kuliah/S1_Informatika/Semester 4/Rancang Bangun Game/Projek/Geeta The Violin and The Doll's Symphony
D:/Kuliah/S1_Informatika/Semester 4/Rancang Bangun Game/Projek/Geeta The Violin and The Doll's Symphony
[UnityMemory] Configuration Parameters - Can be set up in boot.config
    "memorysetup-bucket-allocator-granularity=16"
    "memorysetup-bucket-allocator-bucket-count=8"
    "memorysetup-bucket-allocator-block-size=33554432"
    "memorysetup-bucket-allocator-block-count=8"
    "memorysetup-main-allocator-block-size=16777216"
    "memorysetup-thread-allocator-block-size=16777216"
    "memorysetup-gfx-main-allocator-block-size=16777216"
    "memorysetup-gfx-thread-allocator-block-size=16777216"
    "memorysetup-cache-allocator-block-size=4194304"
    "memorysetup-typetree-allocator-block-size=2097152"
    "memorysetup-profiler-bucket-allocator-granularity=16"
    "memorysetup-profiler-bucket-allocator-bucket-count=8"
    "memorysetup-profiler-bucket-allocator-block-size=33554432"
    "memorysetup-profiler-bucket-allocator-block-count=8"
    "memorysetup-profiler-allocator-block-size=16777216"
    "memorysetup-profiler-editor-allocator-block-size=1048576"
    "memorysetup-temp-allocator-size-main=16777216"
    "memorysetup-job-temp-allocator-block-size=2097152"
    "memorysetup-job-temp-allocator-block-size-background=1048576"
    "memorysetup-job-temp-allocator-reduction-small-platforms=262144"
    "memorysetup-allocator-temp-initial-block-size-main=262144"
    "memorysetup-allocator-temp-initial-block-size-worker=262144"
    "memorysetup-temp-allocator-size-background-worker=32768"
    "memorysetup-temp-allocator-size-job-worker=262144"
    "memorysetup-temp-allocator-size-preload-manager=33554432"
    "memorysetup-temp-allocator-size-nav-mesh-worker=65536"
    "memorysetup-temp-allocator-size-audio-worker=65536"
    "memorysetup-temp-allocator-size-cloud-worker=32768"
    "memorysetup-temp-allocator-size-gi-baking-worker=262144"
    "memorysetup-temp-allocator-size-gfx=262144"
Player connection [18460] Host "[IP] 192.168.56.1 [Port] 0 [Flags] 2 [Guid] 3191568009 [EditorId] 3191568009 [Version] 1048832 [Id] WindowsEditor(7,DESKTOP-I2QR1KL) [Debug] 1 [PackageName] WindowsEditor [ProjectName] Editor" joined multi-casting on [225.0.0.222:54997]...

Player connection [18460] Host "[IP] 192.168.56.1 [Port] 0 [Flags] 2 [Guid] 3191568009 [EditorId] 3191568009 [Version] 1048832 [Id] WindowsEditor(7,DESKTOP-I2QR1KL) [Debug] 1 [PackageName] WindowsEditor [ProjectName] Editor" joined alternative multi-casting on [225.0.0.222:34997]...

[Physics::Module] Initialized MultithreadedJobDispatcher with 3 workers.
Refreshing native plugins compatible for Editor in 51.34 ms, found 4 plugins.
Preloading 0 native plugins for Editor in 0.00 ms.
Initialize engine version: 2022.3.21f1 (bf09ca542b87)
[Subsystems] Discovering subsystems at path D:/Unity/Hub/Editor/2022.3.21f1/Editor/Data/Resources/UnitySubsystems
[Subsystems] Discovering subsystems at path D:/Kuliah/S1_Informatika/Semester 4/Rancang Bangun Game/Projek/Geeta The Violin and The Doll's Symphony/Assets
GfxDevice: creating device client; threaded=0; jobified=0
Direct3D:
    Version:  Direct3D 11.0 [level 11.1]
    Renderer: Intel(R) HD Graphics 520 (ID=0x1916)
    Vendor:   Intel
    VRAM:     8137 MB
    Driver:   30.0.101.1338
Initialize mono
Mono path[0] = 'D:/Unity/Hub/Editor/2022.3.21f1/Editor/Data/Managed'
Mono path[1] = 'D:/Unity/Hub/Editor/2022.3.21f1/Editor/Data/MonoBleedingEdge/lib/mono/unityjit-win32'
Mono config path = 'D:/Unity/Hub/Editor/2022.3.21f1/Editor/Data/MonoBleedingEdge/etc'
Using monoOptions --debugger-agent=transport=dt_socket,embedding=1,server=y,suspend=n,address=127.0.0.1:56740
Begin MonoManager ReloadAssembly
Registering precompiled unity dll's ...
Register platform support module: D:/Unity/Hub/Editor/2022.3.21f1/Editor/Data/PlaybackEngines/AndroidPlayer/UnityEditor.Android.Extensions.dll
Register platform support module: D:/Unity/Hub/Editor/2022.3.21f1/Editor/Data/PlaybackEngines/WindowsStandaloneSupport/UnityEditor.WindowsStandalone.Extensions.dll
Registered in 0.013644 seconds.
- Loaded All Assemblies, in  0.944 seconds
Native extension for WindowsStandalone target not found
Native extension for Android target not found
Android Extension - Scanning For ADB Devices 728 ms
Mono: successfully reloaded assembly
- Finished resetting the current domain, in  1.527 seconds
Domain Reload Profiling: 2471ms
	BeginReloadAssembly (298ms)
		ExecutionOrderSort (0ms)
		DisableScriptedObjects (0ms)
		BackupInstance (0ms)
		ReleaseScriptingObjects (0ms)
		CreateAndSetChildDomain (4ms)
	RebuildCommonClasses (154ms)
	RebuildNativeTypeToScriptingClass (27ms)
	initialDomainReloadingComplete (116ms)
	LoadAllAssembliesAndSetupDomain (347ms)
		LoadAssemblies (295ms)
		RebuildTransferFunctionScriptingTraits (0ms)
		AnalyzeDomain (342ms)
			TypeCache.Refresh (339ms)
				TypeCache.ScanAssembly (308ms)
			ScanForSourceGeneratedMonoScriptInfo (1ms)
			ResolveRequiredComponents (1ms)
	FinalizeReload (1528ms)
		ReleaseScriptCaches (0ms)
		RebuildScriptCaches (0ms)
		SetupLoadedEditorAssemblies (1392ms)
			LogAssemblyErrors (0ms)
			InitializePlatformSupportModulesInManaged (983ms)
			SetLoadedEditorAssemblies (9ms)
			RefreshPlugins (0ms)
			BeforeProcessingInitializeOnLoad (5ms)
			ProcessInitializeOnLoadAttributes (273ms)
			ProcessInitializeOnLoadMethodAttributes (122ms)
			AfterProcessingInitializeOnLoad (0ms)
			EditorAssembliesLoaded (0ms)
		ExecutionOrderSort2 (0ms)
		AwakeInstancesAfterBackupRestoration (0ms)
========================================================================
Worker process is ready to serve import requests
Begin MonoManager ReloadAssembly
- Loaded All Assemblies, in  2.355 seconds
Refreshing native plugins compatible for Editor in 9.38 ms, found 4 plugins.
Native extension for WindowsStandalone target not found
Native extension for Android target not found
Package Manager log level set to [2]
[Package Manager] Server::EnsureServerProcessIsRunning -- launch failed, reason: Unity was launched with the -noUpm command-line argument
[Package Manager] UpmClient::Send -- Unable to send message (not connected to UPM process).
[Package Manager] Cannot connect to Unity Package Manager local server
Mono: successfully reloaded assembly
- Finished resetting the current domain, in  3.850 seconds
Domain Reload Profiling: 6195ms
	BeginReloadAssembly (360ms)
		ExecutionOrderSort (0ms)
		DisableScriptedObjects (13ms)
		BackupInstance (0ms)
		ReleaseScriptingObjects (0ms)
		CreateAndSetChildDomain (45ms)
	RebuildCommonClasses (82ms)
	RebuildNativeTypeToScriptingClass (76ms)
	initialDomainReloadingComplete (287ms)
	LoadAllAssembliesAndSetupDomain (1540ms)
		LoadAssemblies (1140ms)
		RebuildTransferFunctionScriptingTraits (0ms)
		AnalyzeDomain (624ms)
			TypeCache.Refresh (517ms)
				TypeCache.ScanAssembly (465ms)
			ScanForSourceGeneratedMonoScriptInfo (79ms)
			ResolveRequiredComponents (25ms)
	FinalizeReload (3851ms)
		ReleaseScriptCaches (0ms)
		RebuildScriptCaches (0ms)
		SetupLoadedEditorAssemblies (3038ms)
			LogAssemblyErrors (0ms)
			InitializePlatformSupportModulesInManaged (126ms)
			SetLoadedEditorAssemblies (25ms)
			RefreshPlugins (0ms)
			BeforeProcessingInitializeOnLoad (394ms)
			ProcessInitializeOnLoadAttributes (2224ms)
			ProcessInitializeOnLoadMethodAttributes (263ms)
			AfterProcessingInitializeOnLoad (7ms)
			EditorAssembliesLoaded (0ms)
		ExecutionOrderSort2 (0ms)
		AwakeInstancesAfterBackupRestoration (24ms)
Launched and connected shader compiler UnityShaderCompiler.exe after 0.12 seconds
Refreshing native plugins compatible for Editor in 9.40 ms, found 4 plugins.
Preloading 0 native plugins for Editor in 0.00 ms.
Unloading 5788 Unused Serialized files (Serialized files now loaded: 0)
Unloading 84 unused Assets / (322.4 KB). Loaded Objects now: 6266.
Memory consumption went from 233.6 MB to 233.3 MB.
Total: 7.742400 ms (FindLiveObjects: 0.858000 ms CreateObjectMapping: 1.025300 ms MarkObjects: 5.580500 ms  DeleteObjects: 0.276600 ms)

AssetImportParameters requested are different than current active one (requested -> active):
  custom:container-demuxer-ogg: 62fdf1f143b41e24485cea50d1cbac27 -> 
  custom:video-decoder-ogg-theora: a1e56fd34408186e4bbccfd4996cb3dc -> 
  custom:framework-win-MediaFoundation: 216162199b28c13a410421893ffa2e32 -> 
  custom:CustomObjectIndexerAttribute: 72b91833f83ae208fae7752999fa3104 -> 
  custom:container-demuxer-webm: 4f35f7cbe854078d1ac9338744f61a02 -> 
  custom:container-muxer-webm: aa71ff27fc2769a1b78a27578f13a17b -> 
  custom:video-decoder-webm-vp8: 9c59270c3fd7afecdb556c50c9e8de78 -> 
  custom:SearchIndexIgnoredProperties: e643bd26f0fe6173181afceb89e7c659 -> 
  custom:AudioImporter_EditorPlatform: d09bf68614088b80899f8185d706f6e7 -> 
  custom:video-encoder-webm-vp8: eb34c28f22e8b96e1ab97ce403110664 -> 
  custom:audio-decoder-ogg-vorbis: bf7c407c2cedff20999df2af8eb42d56 -> 
  custom:audio-encoder-webm-vorbis: bf7c407c2cedff20999df2af8eb42d56 -> 
========================================================================
Received Import Request.
  Time since last request: 47956.686074 seconds.
  path: Assets/Geeta/Scenes
  artifactKey: Guid(8e84d7b49c062c849aac0d89562f6cf7) Importer(815301076,1909f56bfc062723c751e8b465ee728b)
Start importing Assets/Geeta/Scenes using Guid(8e84d7b49c062c849aac0d89562f6cf7) Importer(815301076,1909f56bfc062723c751e8b465ee728b)  -> (artifact id: 'b9df6e903425f7ffd9e5854b1319830e') in 0.003079 seconds
Number of updated asset objects reloaded before import = 0
Number of asset objects unloaded after import = 0
========================================================================
Received Prepare
Refreshing native plugins compatible for Editor in 72.18 ms, found 4 plugins.
Preloading 0 native plugins for Editor in 0.00 ms.
Unloading 2 Unused Serialized files (Serialized files now loaded: 0)
Unloading 2 unused Assets / (290.7 KB). Loaded Objects now: 6266.
Memory consumption went from 116.2 MB to 115.9 MB.
Total: 73.018500 ms (FindLiveObjects: 1.225100 ms CreateObjectMapping: 16.397800 ms MarkObjects: 55.189000 ms  DeleteObjects: 0.203800 ms)

Prepare: number of updated asset objects reloaded= 0
AssetImportParameters requested are different than current active one (requested -> active):
  custom:container-demuxer-ogg: 62fdf1f143b41e24485cea50d1cbac27 -> 
  custom:video-decoder-ogg-theora: a1e56fd34408186e4bbccfd4996cb3dc -> 
  custom:framework-win-MediaFoundation: 216162199b28c13a410421893ffa2e32 -> 
  custom:CustomObjectIndexerAttribute: 72b91833f83ae208fae7752999fa3104 -> 
  custom:container-demuxer-webm: 4f35f7cbe854078d1ac9338744f61a02 -> 
  custom:container-muxer-webm: aa71ff27fc2769a1b78a27578f13a17b -> 
  custom:video-decoder-webm-vp8: 9c59270c3fd7afecdb556c50c9e8de78 -> 
  custom:SearchIndexIgnoredProperties: e643bd26f0fe6173181afceb89e7c659 -> 
  custom:AudioImporter_EditorPlatform: d09bf68614088b80899f8185d706f6e7 -> 
  custom:video-encoder-webm-vp8: eb34c28f22e8b96e1ab97ce403110664 -> 
  custom:audio-decoder-ogg-vorbis: bf7c407c2cedff20999df2af8eb42d56 -> 
  custom:audio-encoder-webm-vorbis: bf7c407c2cedff20999df2af8eb42d56 -> 
========================================================================
Received Import Request.
  Time since last request: 39693.222365 seconds.
  path: Assets/Geeta/Sprites/atkSprite.png
  artifactKey: Guid(4db92464c3704664e9f5a7205b937655) Importer(815301076,1909f56bfc062723c751e8b465ee728b)
Start importing Assets/Geeta/Sprites/atkSprite.png using Guid(4db92464c3704664e9f5a7205b937655) Importer(815301076,1909f56bfc062723c751e8b465ee728b)  -> (artifact id: '1cb65b0c3e95c180fb03aa4de508fbc4') in 1.359088 seconds
Number of updated asset objects reloaded before import = 0
Number of asset objects unloaded after import = 3
========================================================================
Received Import Request.
  Time since last request: 0.000198 seconds.
  path: Assets/Geeta/Sprites/buttonSelected.png
  artifactKey: Guid(6cce5ca9643b8e44fa670e0d3eec00b3) Importer(815301076,1909f56bfc062723c751e8b465ee728b)
Start importing Assets/Geeta/Sprites/buttonSelected.png using Guid(6cce5ca9643b8e44fa670e0d3eec00b3) Importer(815301076,1909f56bfc062723c751e8b465ee728b)  -> (artifact id: 'ce16977d5ed8a7bb0c43296cf2c51838') in 0.065806 seconds
Number of updated asset objects reloaded before import = 0
Number of asset objects unloaded after import = 3
========================================================================
Received Import Request.
  Time since last request: 0.000049 seconds.
  path: Assets/Geeta/Sprites/disabledButton.png
  artifactKey: Guid(7ac2d1392e9d0704b81707a0c9b3aee8) Importer(815301076,1909f56bfc062723c751e8b465ee728b)
Start importing Assets/Geeta/Sprites/disabledButton.png using Guid(7ac2d1392e9d0704b81707a0c9b3aee8) Importer(815301076,1909f56bfc062723c751e8b465ee728b)  -> (artifact id: '0e4e3b91a560db9f27189ead5992277e') in 0.061849 seconds
Number of updated asset objects reloaded before import = 0
Number of asset objects unloaded after import = 3
========================================================================
Received Import Request.
  Time since last request: 0.000369 seconds.
  path: Assets/Geeta/Sprites/Farmer 1.png
  artifactKey: Guid(0c187a32c5bde4747be8d00770b07403) Importer(815301076,1909f56bfc062723c751e8b465ee728b)
Start importing Assets/Geeta/Sprites/Farmer 1.png using Guid(0c187a32c5bde4747be8d00770b07403) Importer(815301076,1909f56bfc062723c751e8b465ee728b)  -> (artifact id: '896fb50594ac163069c04dca278ea215') in 0.149503 seconds
Number of updated asset objects reloaded before import = 0
Number of asset objects unloaded after import = 14
========================================================================
Received Import Request.
  Time since last request: 0.000040 seconds.
  path: Assets/Geeta/Sprites/gendangSprite.png
  artifactKey: Guid(a3c6b8d147d3e334984badf6ee78d210) Importer(815301076,1909f56bfc062723c751e8b465ee728b)
Start importing Assets/Geeta/Sprites/gendangSprite.png using Guid(a3c6b8d147d3e334984badf6ee78d210) Importer(815301076,1909f56bfc062723c751e8b465ee728b)  -> (artifact id: '6765016908fc2144425e6b3f15750010') in 0.088125 seconds
Number of updated asset objects reloaded before import = 0
Number of asset objects unloaded after import = 3
========================================================================
Received Import Request.
  Time since last request: 0.000044 seconds.
  path: Assets/Geeta/Sprites/guitarSprite.png
  artifactKey: Guid(0f6b784fc54a05f46a8405113c9dfae6) Importer(815301076,1909f56bfc062723c751e8b465ee728b)
Start importing Assets/Geeta/Sprites/guitarSprite.png using Guid(0f6b784fc54a05f46a8405113c9dfae6) Importer(815301076,1909f56bfc062723c751e8b465ee728b)  -> (artifact id: '1a6e311bdccffa3937a74e29bf5f5bc3') in 0.062147 seconds
Number of updated asset objects reloaded before import = 0
Number of asset objects unloaded after import = 3
========================================================================
Received Import Request.
  Time since last request: 0.000055 seconds.
  path: Assets/Geeta/Sprites/Farmer 3.png
  artifactKey: Guid(57a1443e67528144aa07582927559650) Importer(815301076,1909f56bfc062723c751e8b465ee728b)
Start importing Assets/Geeta/Sprites/Farmer 3.png using Guid(57a1443e67528144aa07582927559650) Importer(815301076,1909f56bfc062723c751e8b465ee728b)  -> (artifact id: 'a3b9512bbf895e01cd5f266032003723') in 0.205476 seconds
Number of updated asset objects reloaded before import = 0
Number of asset objects unloaded after import = 14
========================================================================
Received Import Request.
  Time since last request: 0.000437 seconds.
  path: Assets/Geeta/Sprites/Enemy 3.png
  artifactKey: Guid(d33598d781682e049a53a0a13104ef29) Importer(815301076,1909f56bfc062723c751e8b465ee728b)
Start importing Assets/Geeta/Sprites/Enemy 3.png using Guid(d33598d781682e049a53a0a13104ef29) Importer(815301076,1909f56bfc062723c751e8b465ee728b)  -> (artifact id: '5a4c9f5edcfffd3bd5204965046db8b6') in 0.116042 seconds
Number of updated asset objects reloaded before import = 0
Number of asset objects unloaded after import = 10
========================================================================
Received Import Request.
  Time since last request: 0.000032 seconds.
  path: Assets/Geeta/Sprites/Enemy 1.png
  artifactKey: Guid(3bcb7877229a5334da528f2f0872b5c3) Importer(815301076,1909f56bfc062723c751e8b465ee728b)
Start importing Assets/Geeta/Sprites/Enemy 1.png using Guid(3bcb7877229a5334da528f2f0872b5c3) Importer(815301076,1909f56bfc062723c751e8b465ee728b)  -> (artifact id: '641913b9bfbc2914acd8738d26b528c6') in 0.169682 seconds
Number of updated asset objects reloaded before import = 0
Number of asset objects unloaded after import = 10
========================================================================
Received Import Request.
  Time since last request: 0.000050 seconds.
  path: Assets/Geeta/Sprites/BG_DeadTree.png
  artifactKey: Guid(e8a0c68454606064ab82c669810b2ccc) Importer(815301076,1909f56bfc062723c751e8b465ee728b)
Start importing Assets/Geeta/Sprites/BG_DeadTree.png using Guid(e8a0c68454606064ab82c669810b2ccc) Importer(815301076,1909f56bfc062723c751e8b465ee728b)  -> (artifact id: '9c5b9bdab563656596e15812bd435020') in 0.076658 seconds
Number of updated asset objects reloaded before import = 0
Number of asset objects unloaded after import = 3
========================================================================
Received Import Request.
  Time since last request: 0.000063 seconds.
  path: Assets/Geeta/Sprites/geetaFrame.png
  artifactKey: Guid(5128e4d2e58979b42a1973bd423ec0c8) Importer(815301076,1909f56bfc062723c751e8b465ee728b)
Start importing Assets/Geeta/Sprites/geetaFrame.png using Guid(5128e4d2e58979b42a1973bd423ec0c8) Importer(815301076,1909f56bfc062723c751e8b465ee728b)  -> (artifact id: '873cde7a1895fc16ca6a52dd09bc4ceb') in 0.049422 seconds
Number of updated asset objects reloaded before import = 0
Number of asset objects unloaded after import = 3
========================================================================
Received Import Request.
  Time since last request: 0.000113 seconds.
  path: Assets/Geeta/Sprites/button.png
  artifactKey: Guid(427714ddaf8a0e04684961b211d2b2b3) Importer(815301076,1909f56bfc062723c751e8b465ee728b)
Start importing Assets/Geeta/Sprites/button.png using Guid(427714ddaf8a0e04684961b211d2b2b3) Importer(815301076,1909f56bfc062723c751e8b465ee728b)  -> (artifact id: 'b5ac9a7ec85c820da6c18a797f137bcd') in 0.079685 seconds
Number of updated asset objects reloaded before import = 0
Number of asset objects unloaded after import = 3
========================================================================
Received Import Request.
  Time since last request: 0.000547 seconds.
  path: Assets/Geeta/Sprites/bullet1boom.png
  artifactKey: Guid(d4e70b9d5b5cab94da6389e3f6abae68) Importer(815301076,1909f56bfc062723c751e8b465ee728b)
Start importing Assets/Geeta/Sprites/bullet1boom.png using Guid(d4e70b9d5b5cab94da6389e3f6abae68) Importer(815301076,1909f56bfc062723c751e8b465ee728b)  -> (artifact id: 'df86945b89b5c4f247c9f84768d01744') in 0.177395 seconds
Number of updated asset objects reloaded before import = 0
Number of asset objects unloaded after import = 10
========================================================================
Received Import Request.
  Time since last request: 0.000048 seconds.
  path: Assets/Geeta/Sprites/fluteSprite.png
  artifactKey: Guid(772f7d7ca7ffa2c43ba2d2ed3a76c564) Importer(815301076,1909f56bfc062723c751e8b465ee728b)
Start importing Assets/Geeta/Sprites/fluteSprite.png using Guid(772f7d7ca7ffa2c43ba2d2ed3a76c564) Importer(815301076,1909f56bfc062723c751e8b465ee728b)  -> (artifact id: '3726952c38ba69487757b919922f1c45') in 0.046987 seconds
Number of updated asset objects reloaded before import = 0
Number of asset objects unloaded after import = 3
========================================================================
Received Import Request.
  Time since last request: 0.000070 seconds.
  path: Assets/Geeta/Sprites/BG_newgrass.png
  artifactKey: Guid(ede943821b485e14e8e963089460bb09) Importer(815301076,1909f56bfc062723c751e8b465ee728b)
Start importing Assets/Geeta/Sprites/BG_newgrass.png using Guid(ede943821b485e14e8e963089460bb09) Importer(815301076,1909f56bfc062723c751e8b465ee728b)  -> (artifact id: '988a01e13caccc539d7d98cce627e48c') in 0.108756 seconds
Number of updated asset objects reloaded before import = 0
Number of asset objects unloaded after import = 3
========================================================================
Received Import Request.
  Time since last request: 0.000050 seconds.
  path: Assets/Geeta/Sprites/diagLine.png
  artifactKey: Guid(ebac5ed951bd3f84db0881858b524389) Importer(815301076,1909f56bfc062723c751e8b465ee728b)
Start importing Assets/Geeta/Sprites/diagLine.png using Guid(ebac5ed951bd3f84db0881858b524389) Importer(815301076,1909f56bfc062723c751e8b465ee728b)  -> (artifact id: '050e67dc3902833d4dadd73bff150bef') in 0.056699 seconds
Number of updated asset objects reloaded before import = 0
Number of asset objects unloaded after import = 3
========================================================================
Received Import Request.
  Time since last request: 0.000031 seconds.
  path: Assets/Geeta/Sprites/buttonpause1.png
  artifactKey: Guid(b2146415993626f4eaa10a74ae66c3b3) Importer(815301076,1909f56bfc062723c751e8b465ee728b)
Start importing Assets/Geeta/Sprites/buttonpause1.png using Guid(b2146415993626f4eaa10a74ae66c3b3) Importer(815301076,1909f56bfc062723c751e8b465ee728b)  -> (artifact id: 'a9b21d99a2e09d051c65c7172884dbb4') in 0.035379 seconds
Number of updated asset objects reloaded before import = 0
Number of asset objects unloaded after import = 3
========================================================================
Received Import Request.
  Time since last request: 0.000411 seconds.
  path: Assets/Geeta/Sprites/Farmer 0.png
  artifactKey: Guid(99a24620d31e5ce4e823c32d11e17c2c) Importer(815301076,1909f56bfc062723c751e8b465ee728b)
Start importing Assets/Geeta/Sprites/Farmer 0.png using Guid(99a24620d31e5ce4e823c32d11e17c2c) Importer(815301076,1909f56bfc062723c751e8b465ee728b)  -> (artifact id: '9aff816e35c7d9d14f9b88107acf5e27') in 0.041666 seconds
Number of updated asset objects reloaded before import = 0
Number of asset objects unloaded after import = 3
========================================================================
Received Import Request.
  Time since last request: 0.000032 seconds.
  path: Assets/Geeta/Sprites/bruk.png
  artifactKey: Guid(0b702d7ace077f74885047536ccf5a6f) Importer(815301076,1909f56bfc062723c751e8b465ee728b)
Start importing Assets/Geeta/Sprites/bruk.png using Guid(0b702d7ace077f74885047536ccf5a6f) Importer(815301076,1909f56bfc062723c751e8b465ee728b)  -> (artifact id: 'b3db1b3e1526b195ad4200a40edd47dd') in 0.093357 seconds
Number of updated asset objects reloaded before import = 0
Number of asset objects unloaded after import = 3
========================================================================
Received Import Request.
  Time since last request: 0.000390 seconds.
  path: Assets/Geeta/Sprites/fulltreefix.png
  artifactKey: Guid(229fe60cd4d489144be783b3d81368de) Importer(815301076,1909f56bfc062723c751e8b465ee728b)
Start importing Assets/Geeta/Sprites/fulltreefix.png using Guid(229fe60cd4d489144be783b3d81368de) Importer(815301076,1909f56bfc062723c751e8b465ee728b)  -> (artifact id: '54368aeea5bc14fb48574903a31dbf28') in 0.298777 seconds
Number of updated asset objects reloaded before import = 0
Number of asset objects unloaded after import = 11
========================================================================
Received Import Request.
  Time since last request: 0.000036 seconds.
  path: Assets/Geeta/Sprites/BulletExplosion.prefab
  artifactKey: Guid(2bb84e1490e9b524ea9f1052ce0e0da4) Importer(815301076,1909f56bfc062723c751e8b465ee728b)
Start importing Assets/Geeta/Sprites/BulletExplosion.prefab using Guid(2bb84e1490e9b524ea9f1052ce0e0da4) Importer(815301076,1909f56bfc062723c751e8b465ee728b)  -> (artifact id: '88db14131c6822bb707fda16890251f0') in 1.573086 seconds
Number of updated asset objects reloaded before import = 0
Number of asset objects unloaded after import = 38
========================================================================
Received Import Request.
  Time since last request: 0.000084 seconds.
  path: Assets/Geeta/Sprites/critSprite.png
  artifactKey: Guid(2827a3ea9cedc574f8dca2765a45dfa6) Importer(815301076,1909f56bfc062723c751e8b465ee728b)
Start importing Assets/Geeta/Sprites/critSprite.png using Guid(2827a3ea9cedc574f8dca2765a45dfa6) Importer(815301076,1909f56bfc062723c751e8b465ee728b)  -> (artifact id: 'e83311a7867573f0e2e8d256d60f8e17') in 0.036124 seconds
Number of updated asset objects reloaded before import = 0
Number of asset objects unloaded after import = 3
========================================================================
Received Import Request.
  Time since last request: 0.000069 seconds.
  path: Assets/Geeta/Sprites/Enemy 0.png
  artifactKey: Guid(1bc6097228993f045852159e71f81d5b) Importer(815301076,1909f56bfc062723c751e8b465ee728b)
Start importing Assets/Geeta/Sprites/Enemy 0.png using Guid(1bc6097228993f045852159e71f81d5b) Importer(815301076,1909f56bfc062723c751e8b465ee728b)  -> (artifact id: '53d143b265a1912f6bb9fdc8a15e4216') in 0.094568 seconds
Number of updated asset objects reloaded before import = 0
Number of asset objects unloaded after import = 8
========================================================================
Received Import Request.
  Time since last request: 0.000046 seconds.
  path: Assets/Geeta/Sprites/BG_fulltree.png
  artifactKey: Guid(0b9aba79bbf119641a293aa546c7bd2a) Importer(815301076,1909f56bfc062723c751e8b465ee728b)
Start importing Assets/Geeta/Sprites/BG_fulltree.png using Guid(0b9aba79bbf119641a293aa546c7bd2a) Importer(815301076,1909f56bfc062723c751e8b465ee728b)  -> (artifact id: 'a988876997635a3c97fb36f1086ad553') in 0.126751 seconds
Number of updated asset objects reloaded before import = 0
Number of asset objects unloaded after import = 13
========================================================================
Received Import Request.
  Time since last request: 0.000054 seconds.
  path: Assets/Geeta/Sprites/bullet1.png
  artifactKey: Guid(6005783fd98bc144e85ff555eed3b2d8) Importer(815301076,1909f56bfc062723c751e8b465ee728b)
Start importing Assets/Geeta/Sprites/bullet1.png using Guid(6005783fd98bc144e85ff555eed3b2d8) Importer(815301076,1909f56bfc062723c751e8b465ee728b)  -> (artifact id: 'fb789013abc1d4065b05064bb57bb8c1') in 0.101708 seconds
Number of updated asset objects reloaded before import = 0
Number of asset objects unloaded after import = 7
========================================================================
Received Import Request.
  Time since last request: 0.000030 seconds.
  path: Assets/Geeta/Sprites/bullet1.psd
  artifactKey: Guid(0d9570aad43b34d4bbbac7b96d7a5452) Importer(815301076,1909f56bfc062723c751e8b465ee728b)
Start importing Assets/Geeta/Sprites/bullet1.psd using Guid(0d9570aad43b34d4bbbac7b96d7a5452) Importer(815301076,1909f56bfc062723c751e8b465ee728b)  -> (artifact id: '8f195345f0ec0c1de5ca9dd7762fcc7d') in 0.049426 seconds
Number of updated asset objects reloaded before import = 0
Number of asset objects unloaded after import = 3
========================================================================
Received Import Request.
  Time since last request: 0.000459 seconds.
  path: Assets/Geeta/Sprites/Enemy 4.png
  artifactKey: Guid(c4d2ccab0c2ad7e47853b6e31a7ac7c2) Importer(815301076,1909f56bfc062723c751e8b465ee728b)
Start importing Assets/Geeta/Sprites/Enemy 4.png using Guid(c4d2ccab0c2ad7e47853b6e31a7ac7c2) Importer(815301076,1909f56bfc062723c751e8b465ee728b)  -> (artifact id: 'd2405ea0a4cc82ef6dc7929d57ec8f6d') in 0.084424 seconds
Number of updated asset objects reloaded before import = 0
Number of asset objects unloaded after import = 6
========================================================================
Received Import Request.
  Time since last request: 0.000038 seconds.
  path: Assets/Geeta/Sprites/harpSprite.png
  artifactKey: Guid(551d75c8c546e2f4290ab946b1438928) Importer(815301076,1909f56bfc062723c751e8b465ee728b)
Start importing Assets/Geeta/Sprites/harpSprite.png using Guid(551d75c8c546e2f4290ab946b1438928) Importer(815301076,1909f56bfc062723c751e8b465ee728b)  -> (artifact id: 'fa99940905cef87f25023e51c167295c') in 0.071445 seconds
Number of updated asset objects reloaded before import = 0
Number of asset objects unloaded after import = 3
========================================================================
Received Import Request.
  Time since last request: 0.000040 seconds.
  path: Assets/Geeta/Sprites/deadtreefix.png
  artifactKey: Guid(889faf8e7f5b7004f8d33618a8e12e8d) Importer(815301076,1909f56bfc062723c751e8b465ee728b)
Start importing Assets/Geeta/Sprites/deadtreefix.png using Guid(889faf8e7f5b7004f8d33618a8e12e8d) Importer(815301076,1909f56bfc062723c751e8b465ee728b)  -> (artifact id: '490b972b9144219a1554d78f692efdc5') in 0.162255 seconds
Number of updated asset objects reloaded before import = 0
Number of asset objects unloaded after import = 11
========================================================================
Received Import Request.
  Time since last request: 0.000057 seconds.
  path: Assets/Geeta/Sprites/geetaAndTeam.png
  artifactKey: Guid(b2119474170e41e4b9d614ac097ea317) Importer(815301076,1909f56bfc062723c751e8b465ee728b)
Start importing Assets/Geeta/Sprites/geetaAndTeam.png using Guid(b2119474170e41e4b9d614ac097ea317) Importer(815301076,1909f56bfc062723c751e8b465ee728b)  -> (artifact id: 'a0c6c52507e59b9a504712d5043b64a4') in 0.089798 seconds
Number of updated asset objects reloaded before import = 0
Number of asset objects unloaded after import = 3
========================================================================
Received Import Request.
  Time since last request: 0.000039 seconds.
  path: Assets/Geeta/Sprites/fillExp.png
  artifactKey: Guid(22d1cfe4474b1184db3355c169abba3a) Importer(815301076,1909f56bfc062723c751e8b465ee728b)
Start importing Assets/Geeta/Sprites/fillExp.png using Guid(22d1cfe4474b1184db3355c169abba3a) Importer(815301076,1909f56bfc062723c751e8b465ee728b)  -> (artifact id: 'fffe50a876dde4591b0cee0b541e83fe') in 0.069272 seconds
Number of updated asset objects reloaded before import = 0
Number of asset objects unloaded after import = 3
========================================================================
Received Import Request.
  Time since last request: 0.000056 seconds.
  path: Assets/Geeta/Sprites/Enemy 2.png
  artifactKey: Guid(4104ee12b4d54f54b91b3ba875787837) Importer(815301076,1909f56bfc062723c751e8b465ee728b)
Start importing Assets/Geeta/Sprites/Enemy 2.png using Guid(4104ee12b4d54f54b91b3ba875787837) Importer(815301076,1909f56bfc062723c751e8b465ee728b)  -> (artifact id: '00e59a3a5211e32488977948c701893a') in 0.153000 seconds
Number of updated asset objects reloaded before import = 0
Number of asset objects unloaded after import = 10
========================================================================
Received Import Request.
  Time since last request: 0.000067 seconds.
  path: Assets/Geeta/Sprites/Farmer 2.png
  artifactKey: Guid(8f7a60065e3984c489b9c4d41bc3dc4e) Importer(815301076,1909f56bfc062723c751e8b465ee728b)
Start importing Assets/Geeta/Sprites/Farmer 2.png using Guid(8f7a60065e3984c489b9c4d41bc3dc4e) Importer(815301076,1909f56bfc062723c751e8b465ee728b)  -> (artifact id: '9549ba0bf950935280dd4ac75566d7e9') in 0.148087 seconds
Number of updated asset objects reloaded before import = 0
Number of asset objects unloaded after import = 14
========================================================================
Received Import Request.
  Time since last request: 0.000425 seconds.
  path: Assets/Geeta/Sprites/bg_light.png
  artifactKey: Guid(5d9f33da82216bf4e85be9577d97610b) Importer(815301076,1909f56bfc062723c751e8b465ee728b)
Start importing Assets/Geeta/Sprites/bg_light.png using Guid(5d9f33da82216bf4e85be9577d97610b) Importer(815301076,1909f56bfc062723c751e8b465ee728b)  -> (artifact id: '75b3173249ef9a6b4dcad430f9b302e5') in 0.084786 seconds
Number of updated asset objects reloaded before import = 0
Number of asset objects unloaded after import = 3
========================================================================
Received Import Request.
  Time since last request: 0.000038 seconds.
  path: Assets/Geeta/Sprites/buttonpause.png
  artifactKey: Guid(0f80b5fd7cb3603458b249e8b8c9856e) Importer(815301076,1909f56bfc062723c751e8b465ee728b)
Start importing Assets/Geeta/Sprites/buttonpause.png using Guid(0f80b5fd7cb3603458b249e8b8c9856e) Importer(815301076,1909f56bfc062723c751e8b465ee728b)  -> (artifact id: 'ba5d33151fd571357fa569cf702f027e') in 0.051368 seconds
Number of updated asset objects reloaded before import = 0
Number of asset objects unloaded after import = 3
========================================================================
Received Import Request.
  Time since last request: 1.638468 seconds.
  path: Assets/Geeta/Sprites/heart.png
  artifactKey: Guid(948ef0a25568b3d4c8a7a2f531ca9c51) Importer(815301076,1909f56bfc062723c751e8b465ee728b)
Start importing Assets/Geeta/Sprites/heart.png using Guid(948ef0a25568b3d4c8a7a2f531ca9c51) Importer(815301076,1909f56bfc062723c751e8b465ee728b)  -> (artifact id: '1c69cf661e834c38fa8475b4c234b019') in 0.074314 seconds
Number of updated asset objects reloaded before import = 0
Number of asset objects unloaded after import = 3
========================================================================
Received Import Request.
  Time since last request: 0.000048 seconds.
  path: Assets/Geeta/Sprites/note.psd
  artifactKey: Guid(40bd215908ea34d439eaa8807d4df13f) Importer(815301076,1909f56bfc062723c751e8b465ee728b)
Start importing Assets/Geeta/Sprites/note.psd using Guid(40bd215908ea34d439eaa8807d4df13f) Importer(815301076,1909f56bfc062723c751e8b465ee728b)  -> (artifact id: 'd2fe5c79452db922475a71cc5317ab37') in 0.072987 seconds
Number of updated asset objects reloaded before import = 0
Number of asset objects unloaded after import = 3
========================================================================
Received Import Request.
  Time since last request: 0.000077 seconds.
  path: Assets/Geeta/Sprites/Note Particle.mat
  artifactKey: Guid(8718883ab89e7bc4192bfb9842e7a310) Importer(815301076,1909f56bfc062723c751e8b465ee728b)
Start importing Assets/Geeta/Sprites/Note Particle.mat using Guid(8718883ab89e7bc4192bfb9842e7a310) Importer(815301076,1909f56bfc062723c751e8b465ee728b)  -> (artifact id: '5b23db8ccb296ebebb8a6c4250ce05f8') in 0.222521 seconds
Number of updated asset objects reloaded before import = 0
Number of asset objects unloaded after import = 3
========================================================================
Received Import Request.
  Time since last request: 0.000049 seconds.
  path: Assets/Geeta/Sprites/heart.psd
  artifactKey: Guid(24b20fc2e5b43d5498a2698c25bbfa95) Importer(815301076,1909f56bfc062723c751e8b465ee728b)
Start importing Assets/Geeta/Sprites/heart.psd using Guid(24b20fc2e5b43d5498a2698c25bbfa95) Importer(815301076,1909f56bfc062723c751e8b465ee728b)  -> (artifact id: '0410127ccbfe46bbf9e53481bb3242f0') in 0.059666 seconds
Number of updated asset objects reloaded before import = 0
Number of asset objects unloaded after import = 3
========================================================================
Received Import Request.
  Time since last request: 0.000101 seconds.
  path: Assets/Geeta/Sprites/notes.png
  artifactKey: Guid(4258f04b92f8fc745a399b0bfb6c4414) Importer(815301076,1909f56bfc062723c751e8b465ee728b)
Start importing Assets/Geeta/Sprites/notes.png using Guid(4258f04b92f8fc745a399b0bfb6c4414) Importer(815301076,1909f56bfc062723c751e8b465ee728b)  -> (artifact id: '2689c4a7eb2e48eb83e6ac563bd8e05d') in 0.077131 seconds
Number of updated asset objects reloaded before import = 0
Number of asset objects unloaded after import = 3
========================================================================
Received Import Request.
  Time since last request: 0.000054 seconds.
  path: Assets/Geeta/Sprites/jatuh.png
  artifactKey: Guid(28bbcc4f4ce60ed4fa2cea31ebe3a198) Importer(815301076,1909f56bfc062723c751e8b465ee728b)
Start importing Assets/Geeta/Sprites/jatuh.png using Guid(28bbcc4f4ce60ed4fa2cea31ebe3a198) Importer(815301076,1909f56bfc062723c751e8b465ee728b)  -> (artifact id: '0c8512f6dcd0c6009cc5ec5a199b45b8') in 0.063859 seconds
Number of updated asset objects reloaded before import = 0
Number of asset objects unloaded after import = 3
========================================================================
Received Import Request.
  Time since last request: 0.000045 seconds.
  path: Assets/Geeta/Sprites/lockSprite.png
  artifactKey: Guid(ea9a3c5022925c548a5d59689a67ac7b) Importer(815301076,1909f56bfc062723c751e8b465ee728b)
Start importing Assets/Geeta/Sprites/lockSprite.png using Guid(ea9a3c5022925c548a5d59689a67ac7b) Importer(815301076,1909f56bfc062723c751e8b465ee728b)  -> (artifact id: 'fbe26ee478ee5834d0f64a9785e80d23') in 0.080261 seconds
Number of updated asset objects reloaded before import = 0
Number of asset objects unloaded after import = 3
========================================================================
Received Import Request.
  Time since last request: 0.002556 seconds.
  path: Assets/Geeta/Sprites/note.png
  artifactKey: Guid(02e9fd84c987d7d40a855da91ad5509f) Importer(815301076,1909f56bfc062723c751e8b465ee728b)
Start importing Assets/Geeta/Sprites/note.png using Guid(02e9fd84c987d7d40a855da91ad5509f) Importer(815301076,1909f56bfc062723c751e8b465ee728b)  -> (artifact id: 'dfc0a1b55267bed94ffc05de528b0840') in 0.041321 seconds
Number of updated asset objects reloaded before import = 0
Number of asset objects unloaded after import = 3
========================================================================
Received Import Request.
  Time since last request: 0.000091 seconds.
  path: Assets/Geeta/Sprites/kotakPink.png
  artifactKey: Guid(6993f07274b9d01408f3a1e252d4aba9) Importer(815301076,1909f56bfc062723c751e8b465ee728b)
Start importing Assets/Geeta/Sprites/kotakPink.png using Guid(6993f07274b9d01408f3a1e252d4aba9) Importer(815301076,1909f56bfc062723c751e8b465ee728b)  -> (artifact id: '440e0e61f82eedc2c6bebe2b88a55532') in 0.058685 seconds
Number of updated asset objects reloaded before import = 0
Number of asset objects unloaded after import = 3
========================================================================
Received Import Request.
  Time since last request: 0.000101 seconds.
  path: Assets/Geeta/Sprites/jalan.png
  artifactKey: Guid(34ec10bbe1b5f224b9fa696823766d2a) Importer(815301076,1909f56bfc062723c751e8b465ee728b)
Start importing Assets/Geeta/Sprites/jalan.png using Guid(34ec10bbe1b5f224b9fa696823766d2a) Importer(815301076,1909f56bfc062723c751e8b465ee728b)  -> (artifact id: '58382927b2079641a939563df37672db') in 0.063849 seconds
Number of updated asset objects reloaded before import = 0
Number of asset objects unloaded after import = 3
